<?xml version="1.0" encoding="UTF-8"?>
<testsuite name="ru.stqa.pft.sandbox.SquareTest" tests="1" skipped="0" failures="0" errors="0" timestamp="2020-05-25T11:11:37" hostname="S-PUYANDAYKIN-N" time="0.004">
  <properties/>
  <testcase name="testArea" classname="ru.stqa.pft.sandbox.SquareTest" time="0.004"/>
  <system-out><![CDATA[]]></system-out>
  <system-err><![CDATA[]]></system-err>
</testsuite>
