<?xml version="1.0" encoding="UTF-8"?>
<testsuite name="ru.stqa.pft.web.tests.NtripPointlist" tests="1" skipped="0" failures="0" errors="0" timestamp="2020-06-09T07:21:05" hostname="S-PUYANDAYKIN-N" time="0.633">
  <properties/>
  <testcase name="testNtripPointlist" classname="ru.stqa.pft.web.tests.NtripPointlist" time="0.633"/>
  <system-out><![CDATA[]]></system-out>
  <system-err><![CDATA[]]></system-err>
</testsuite>
