<?xml version="1.0" encoding="UTF-8"?>
<testsuite name="ru.stqa.pft.web.tests.NtripPointlist" tests="1" skipped="0" failures="0" errors="0" timestamp="2020-06-08T13:06:25" hostname="S-PUYANDAYKIN-N" time="0.443">
  <properties/>
  <testcase name="testNtripPointlist" classname="ru.stqa.pft.web.tests.NtripPointlist" time="0.443"/>
  <system-out><![CDATA[]]></system-out>
  <system-err><![CDATA[]]></system-err>
</testsuite>
