<?xml version="1.0" encoding="UTF-8"?>
<testsuite name="ru.stqa.pft.web.tests.FullPointList" tests="1" skipped="0" failures="0" errors="0" timestamp="2020-06-08T13:06:13" hostname="S-PUYANDAYKIN-N" time="1.02">
  <properties/>
  <testcase name="getFullPointList" classname="ru.stqa.pft.web.tests.FullPointList" time="1.02"/>
  <system-out><![CDATA[]]></system-out>
  <system-err><![CDATA[]]></system-err>
</testsuite>
